#
# There is insufficient memory for the Java Runtime Environment to continue.
# Native memory allocation (mmap) failed to map 128450560 bytes for committing reserved memory.
# Possible reasons:
#   The system is out of physical RAM or swap space
#   In 32 bit mode, the process size limit was hit
# Possible solutions:
#   Reduce memory load on the system
#   Increase physical memory or swap space
#   Check if swap backing store is full
#   Use 64 bit Java on a 64 bit OS
#   Decrease Java heap size (-Xmx/-Xms)
#   Decrease number of Java threads
#   Decrease Java thread stack sizes (-Xss)
#   Set larger code cache with -XX:ReservedCodeCacheSize=
# This output file may be truncated or incomplete.
#
#  Out of Memory Error (os_linux.cpp:2630), pid=19297, tid=0x00007f6a3ac13700
#
# JRE version: OpenJDK Runtime Environment (8.0_121-b13) (build 1.8.0_121-8u121-b13-0ubuntu1.16.04.2-b13)
# Java VM: OpenJDK 64-Bit Server VM (25.121-b13 mixed mode linux-amd64 compressed oops)
# Failed to write core dump. Core dumps have been disabled. To enable core dumping, try "ulimit -c unlimited" before starting Java again
#

---------------  T H R E A D  ---------------

Current thread (0x00007f6a58079000):  VMThread [stack: 0x00007f6a3ab13000,0x00007f6a3ac14000] [id=19305]

Stack: [0x00007f6a3ab13000,0x00007f6a3ac14000],  sp=0x00007f6a3ac124c0,  free space=1021k
Native frames: (J=compiled Java code, j=interpreted, Vv=VM code, C=native code)
V  [libjvm.so+0xa6647b]
V  [libjvm.so+0x4c32dc]
V  [libjvm.so+0x8b4b60]
V  [libjvm.so+0x8aefde]
V  [libjvm.so+0x929a16]
V  [libjvm.so+0x92ad43]
V  [libjvm.so+0x9273f3]
V  [libjvm.so+0x9276bc]
V  [libjvm.so+0x8d9553]
V  [libjvm.so+0xa68132]
V  [libjvm.so+0xa6d217]
V  [libjvm.so+0xa6a9e7]
V  [libjvm.so+0xa6be6f]
V  [libjvm.so+0xa6c361]
V  [libjvm.so+0x8b2042]

VM_Operation (0x00007f6a02dfd840): ParallelGCFailedAllocation, mode: safepoint, requested by thread 0x0000000001db3000


---------------  P R O C E S S  ---------------

Java Threads: ( => current thread )
  0x0000000001db3000 JavaThread "Thread-2" [_thread_blocked, id=19339, stack(0x00007f6a02cfe000,0x00007f6a02dff000)]
  0x0000000001be2000 JavaThread "File Watcher" daemon [_thread_blocked, id=19338, stack(0x00007f6a0802a000,0x00007f6a0812b000)]
  0x000000000264a000 JavaThread "cluster1-nio-worker-2" [_thread_in_native, id=19337, stack(0x00007f6a0812b000,0x00007f6a0822c000)]
  0x00007f6a44032800 JavaThread "threadDeathWatcher-9-1" daemon [_thread_blocked, id=19333, stack(0x00007f6a0922d000,0x00007f6a0932e000)]
  0x00007f6a4402d800 JavaThread "cluster1-timeouter-0" [_thread_blocked, id=19332, stack(0x00007f6a0932e000,0x00007f6a0942f000)]
  0x0000000002626800 JavaThread "cluster1-nio-worker-0" [_thread_in_native, id=19331, stack(0x00007f6a0942f000,0x00007f6a09530000)]
  0x00000000025a6000 JavaThread "cluster1-scheduled-task-worker-0" [_thread_blocked, id=19329, stack(0x00007f6a09730000,0x00007f6a09831000)]
  0x00000000024ce800 JavaThread "cluster1-connection-reaper-0" [_thread_blocked, id=19328, stack(0x00007f6a09831000,0x00007f6a09932000)]
  0x00000000022af000 JavaThread "spring.cloud.inetutils" daemon [_thread_in_native, id=19327, stack(0x00007f6a0a144000,0x00007f6a0a245000)]
  0x00000000022ae000 JavaThread "container-0" [_thread_blocked, id=19326, stack(0x00007f6a0a245000,0x00007f6a0a346000)]
  0x00000000022ad000 JavaThread "ContainerBackgroundProcessor[StandardEngine[Tomcat]]" daemon [_thread_blocked, id=19325, stack(0x00007f6a0a346000,0x00007f6a0a447000)]
  0x00007f6a20001000 JavaThread "localhost-startStop-1" daemon [_thread_blocked, id=19324, stack(0x00007f6a0a647000,0x00007f6a0a748000)]
  0x00000000022ac800 JavaThread "Tomcat-startStop-1" daemon [_thread_blocked, id=19323, stack(0x00007f6a0adb7000,0x00007f6a0aeb8000)]
  0x00000000019ce800 JavaThread "spring.cloud.inetutils" daemon [_thread_in_native, id=19320, stack(0x00007f6a0bce4000,0x00007f6a0bde5000)]
  0x000000000173d000 JavaThread "spring.cloud.inetutils" daemon [_thread_blocked, id=19318, stack(0x00007f6a38480000,0x00007f6a38581000)]
  0x00007f6a04002000 JavaThread "restartedMain" [_thread_blocked, id=19317, stack(0x00007f6a38781000,0x00007f6a38882000)]
  0x00007f6a58b6a000 JavaThread "Thread-1" [_thread_blocked, id=19316, stack(0x00007f6a38882000,0x00007f6a38983000)]
  0x00007f6a5868e000 JavaThread "RMI TCP Accept-0" daemon [_thread_in_native, id=19314, stack(0x00007f6a38cea000,0x00007f6a38deb000)]
  0x00007f6a58681000 JavaThread "RMI TCP Accept-42679" daemon [_thread_in_native, id=19313, stack(0x00007f6a38deb000,0x00007f6a38eec000)]
  0x00007f6a58668800 JavaThread "RMI TCP Accept-0" daemon [_thread_in_native, id=19312, stack(0x00007f6a38eec000,0x00007f6a38fed000)]
  0x00007f6a580b4800 JavaThread "Service Thread" daemon [_thread_blocked, id=19311, stack(0x00007f6a39b4e000,0x00007f6a39c4f000)]
  0x00007f6a580b2000 JavaThread "C1 CompilerThread1" daemon [_thread_blocked, id=19310, stack(0x00007f6a39c4f000,0x00007f6a39d50000)]
  0x00007f6a580af000 JavaThread "C2 CompilerThread0" daemon [_thread_in_native, id=19309, stack(0x00007f6a39d50000,0x00007f6a39e51000)]
  0x00007f6a580ad000 JavaThread "Signal Dispatcher" daemon [_thread_blocked, id=19308, stack(0x00007f6a39e51000,0x00007f6a39f52000)]
  0x00007f6a58085800 JavaThread "Finalizer" daemon [_thread_blocked, id=19307, stack(0x00007f6a3a911000,0x00007f6a3aa12000)]
  0x00007f6a58081000 JavaThread "Reference Handler" daemon [_thread_blocked, id=19306, stack(0x00007f6a3aa12000,0x00007f6a3ab13000)]
  0x00007f6a5800f800 JavaThread "main" [_thread_blocked, id=19300, stack(0x00007f6a5f50e000,0x00007f6a5f60f000)]

Other Threads:
=>0x00007f6a58079000 VMThread [stack: 0x00007f6a3ab13000,0x00007f6a3ac14000] [id=19305]
  0x00007f6a5868f800 WatcherThread [stack: 0x00007f6a38be9000,0x00007f6a38cea000] [id=19315]

VM state:at safepoint (normal execution)

VM Mutex/Monitor currently owned by a thread:  ([mutex/lock_event])
[0x00007f6a5800c070] Threads_lock - owner thread: 0x00007f6a58079000
[0x00007f6a5800c570] Heap_lock - owner thread: 0x0000000001db3000

Heap:
 PSYoungGen      total 376832K, used 17901K [0x00000000d6800000, 0x00000000f1280000, 0x0000000100000000)
  eden space 358912K, 0% used [0x00000000d6800000,0x00000000d6800000,0x00000000ec680000)
  from space 17920K, 99% used [0x00000000ec680000,0x00000000ed7fb600,0x00000000ed800000)
  to   space 17408K, 0% used [0x00000000ed800000,0x00000000ed800000,0x00000000ee900000)
 ParOldGen       total 82432K, used 27225K [0x0000000083800000, 0x0000000088880000, 0x00000000d6800000)
  object space 82432K, 33% used [0x0000000083800000,0x0000000085296440,0x0000000088880000)
 Metaspace       used 47141K, capacity 47698K, committed 48048K, reserved 1091584K
  class space    used 5807K, capacity 5972K, committed 6064K, reserved 1048576K

Card table byte_map: [0x00007f6a48652000,0x00007f6a48a37000] byte_map_base: 0x00007f6a48236000

Marking Bits: (ParMarkBitMap*) 0x00007f6a5e7d7220
 Begin Bits: [0x00007f6a401c0000, 0x00007f6a420e0000)
 End Bits:   [0x00007f6a420e0000, 0x00007f6a44000000)

Polling page: 0x00007f6a5f629000

CodeCache: size=245760Kb used=13270Kb max_used=13270Kb free=232489Kb
 bounds [0x00007f6a48df7000, 0x00007f6a49b07000, 0x00007f6a57df7000]
 total_blobs=4894 nmethods=4301 adapters=506
 compilation: enabled

Compilation events (10 events):
Event: 11.432 Thread 0x00007f6a580b2000 4869       2       java.lang.Boolean::<init> (10 bytes)
Event: 11.432 Thread 0x00007f6a580b2000 nmethod 4869 0x00007f6a49ad65d0 code [0x00007f6a49ad6720, 0x00007f6a49ad6870]
Event: 11.433 Thread 0x00007f6a580b2000 4870       2       org.springframework.boot.context.embedded.EmbeddedServletContainerCustomizerBeanPostProcessor::postProcessBeforeInitialization (17 bytes)
Event: 11.433 Thread 0x00007f6a580b2000 nmethod 4870 0x00007f6a49af9550 code [0x00007f6a49af96c0, 0x00007f6a49af98e8]
Event: 11.433 Thread 0x00007f6a580b2000 4871       2       org.springframework.boot.web.servlet.ErrorPageRegistrarBeanPostProcessor::postProcessBeforeInitialization (17 bytes)
Event: 11.433 Thread 0x00007f6a580b2000 nmethod 4871 0x00007f6a49af99d0 code [0x00007f6a49af9b40, 0x00007f6a49af9d68]
Event: 11.448 Thread 0x00007f6a580b2000 4872       2       java.io.File::isFile (43 bytes)
Event: 11.448 Thread 0x00007f6a580b2000 nmethod 4872 0x00007f6a49af9e50 code [0x00007f6a49afa000, 0x00007f6a49afa308]
Event: 11.458 Thread 0x00007f6a580b2000 4873       2       org.springframework.beans.TypeConverterDelegate::<init> (7 bytes)
Event: 11.458 Thread 0x00007f6a580b2000 nmethod 4873 0x00007f6a49afa510 code [0x00007f6a49afa660, 0x00007f6a49afa7d0]

GC Heap History (10 events):
Event: 5.756 GC heap after
Heap after GC invocations=6 (full 1):
 PSYoungGen      total 136192K, used 5094K [0x00000000d6800000, 0x00000000e5600000, 0x0000000100000000)
  eden space 131072K, 0% used [0x00000000d6800000,0x00000000d6800000,0x00000000de800000)
  from space 5120K, 99% used [0x00000000de800000,0x00000000decf9b20,0x00000000ded00000)
  to   space 13312K, 0% used [0x00000000e4900000,0x00000000e4900000,0x00000000e5600000)
 ParOldGen       total 60928K, used 15535K [0x0000000083800000, 0x0000000087380000, 0x00000000d6800000)
  object space 60928K, 25% used [0x0000000083800000,0x000000008472be00,0x0000000087380000)
 Metaspace       used 28007K, capacity 28444K, committed 28720K, reserved 1075200K
  class space    used 3428K, capacity 3567K, committed 3632K, reserved 1048576K
}
Event: 6.080 GC heap before
{Heap before GC invocations=7 (full 1):
 PSYoungGen      total 136192K, used 136166K [0x00000000d6800000, 0x00000000e5600000, 0x0000000100000000)
  eden space 131072K, 100% used [0x00000000d6800000,0x00000000de800000,0x00000000de800000)
  from space 5120K, 99% used [0x00000000de800000,0x00000000decf9b20,0x00000000ded00000)
  to   space 13312K, 0% used [0x00000000e4900000,0x00000000e4900000,0x00000000e5600000)
 ParOldGen       total 60928K, used 15535K [0x0000000083800000, 0x0000000087380000, 0x00000000d6800000)
  object space 60928K, 25% used [0x0000000083800000,0x000000008472be00,0x0000000087380000)
 Metaspace       used 28723K, capacity 29078K, committed 29360K, reserved 1075200K
  class space    used 3516K, capacity 3640K, committed 3760K, reserved 1048576K
Event: 6.087 GC heap after
Heap after GC invocations=7 (full 1):
 PSYoungGen      total 230912K, used 7712K [0x00000000d6800000, 0x00000000e5680000, 0x0000000100000000)
  eden space 217600K, 0% used [0x00000000d6800000,0x00000000d6800000,0x00000000e3c80000)
  from space 13312K, 57% used [0x00000000e4900000,0x00000000e5088338,0x00000000e5600000)
  to   space 12800K, 0% used [0x00000000e3c80000,0x00000000e3c80000,0x00000000e4900000)
 ParOldGen       total 60928K, used 15535K [0x0000000083800000, 0x0000000087380000, 0x00000000d6800000)
  object space 60928K, 25% used [0x0000000083800000,0x000000008472be00,0x0000000087380000)
 Metaspace       used 28723K, capacity 29078K, committed 29360K, reserved 1075200K
  class space    used 3516K, capacity 3640K, committed 3760K, reserved 1048576K
}
Event: 7.288 GC heap before
{Heap before GC invocations=8 (full 1):
 PSYoungGen      total 230912K, used 225312K [0x00000000d6800000, 0x00000000e5680000, 0x0000000100000000)
  eden space 217600K, 100% used [0x00000000d6800000,0x00000000e3c80000,0x00000000e3c80000)
  from space 13312K, 57% used [0x00000000e4900000,0x00000000e5088338,0x00000000e5600000)
  to   space 12800K, 0% used [0x00000000e3c80000,0x00000000e3c80000,0x00000000e4900000)
 ParOldGen       total 60928K, used 15535K [0x0000000083800000, 0x0000000087380000, 0x00000000d6800000)
  object space 60928K, 25% used [0x0000000083800000,0x000000008472be00,0x0000000087380000)
 Metaspace       used 34719K, capacity 35194K, committed 35376K, reserved 1081344K
  class space    used 4211K, capacity 4361K, committed 4400K, reserved 1048576K
Event: 7.306 GC heap after
Heap after GC invocations=8 (full 1):
 PSYoungGen      total 230400K, used 12786K [0x00000000d6800000, 0x00000000ee900000, 0x0000000100000000)
  eden space 217600K, 0% used [0x00000000d6800000,0x00000000d6800000,0x00000000e3c80000)
  from space 12800K, 99% used [0x00000000e3c80000,0x00000000e48fcab0,0x00000000e4900000)
  to   space 17408K, 0% used [0x00000000ed800000,0x00000000ed800000,0x00000000ee900000)
 ParOldGen       total 60928K, used 21242K [0x0000000083800000, 0x0000000087380000, 0x00000000d6800000)
  object space 60928K, 34% used [0x0000000083800000,0x0000000084cbe928,0x0000000087380000)
 Metaspace       used 34719K, capacity 35194K, committed 35376K, reserved 1081344K
  class space    used 4211K, capacity 4361K, committed 4400K, reserved 1048576K
}
Event: 7.403 GC heap before
{Heap before GC invocations=9 (full 1):
 PSYoungGen      total 230400K, used 29286K [0x00000000d6800000, 0x00000000ee900000, 0x0000000100000000)
  eden space 217600K, 7% used [0x00000000d6800000,0x00000000d781cf48,0x00000000e3c80000)
  from space 12800K, 99% used [0x00000000e3c80000,0x00000000e48fcab0,0x00000000e4900000)
  to   space 17408K, 0% used [0x00000000ed800000,0x00000000ed800000,0x00000000ee900000)
 ParOldGen       total 60928K, used 21242K [0x0000000083800000, 0x0000000087380000, 0x00000000d6800000)
  object space 60928K, 34% used [0x0000000083800000,0x0000000084cbe928,0x0000000087380000)
 Metaspace       used 34880K, capacity 35302K, committed 35496K, reserved 1081344K
  class space    used 4236K, capacity 4395K, committed 4400K, reserved 1048576K
Event: 7.421 GC heap after
Heap after GC invocations=9 (full 1):
 PSYoungGen      total 376320K, used 13133K [0x00000000d6800000, 0x00000000f1280000, 0x0000000100000000)
  eden space 358912K, 0% used [0x00000000d6800000,0x00000000d6800000,0x00000000ec680000)
  from space 17408K, 75% used [0x00000000ed800000,0x00000000ee4d3780,0x00000000ee900000)
  to   space 17920K, 0% used [0x00000000ec680000,0x00000000ec680000,0x00000000ed800000)
 ParOldGen       total 60928K, used 21242K [0x0000000083800000, 0x0000000087380000, 0x00000000d6800000)
  object space 60928K, 34% used [0x0000000083800000,0x0000000084cbe928,0x0000000087380000)
 Metaspace       used 34880K, capacity 35302K, committed 35496K, reserved 1081344K
  class space    used 4236K, capacity 4395K, committed 4400K, reserved 1048576K
}
Event: 7.421 GC heap before
{Heap before GC invocations=10 (full 2):
 PSYoungGen      total 376320K, used 13133K [0x00000000d6800000, 0x00000000f1280000, 0x0000000100000000)
  eden space 358912K, 0% used [0x00000000d6800000,0x00000000d6800000,0x00000000ec680000)
  from space 17408K, 75% used [0x00000000ed800000,0x00000000ee4d3780,0x00000000ee900000)
  to   space 17920K, 0% used [0x00000000ec680000,0x00000000ec680000,0x00000000ed800000)
 ParOldGen       total 60928K, used 21242K [0x0000000083800000, 0x0000000087380000, 0x00000000d6800000)
  object space 60928K, 34% used [0x0000000083800000,0x0000000084cbe928,0x0000000087380000)
 Metaspace       used 34880K, capacity 35302K, committed 35496K, reserved 1081344K
  class space    used 4236K, capacity 4395K, committed 4400K, reserved 1048576K
Event: 7.507 GC heap after
Heap after GC invocations=10 (full 2):
 PSYoungGen      total 376320K, used 0K [0x00000000d6800000, 0x00000000f1280000, 0x0000000100000000)
  eden space 358912K, 0% used [0x00000000d6800000,0x00000000d6800000,0x00000000ec680000)
  from space 17408K, 0% used [0x00000000ed800000,0x00000000ed800000,0x00000000ee900000)
  to   space 17920K, 0% used [0x00000000ec680000,0x00000000ec680000,0x00000000ed800000)
 ParOldGen       total 82432K, used 22099K [0x0000000083800000, 0x0000000088880000, 0x00000000d6800000)
  object space 82432K, 26% used [0x0000000083800000,0x0000000084d94e60,0x0000000088880000)
 Metaspace       used 34880K, capacity 35302K, committed 35496K, reserved 1081344K
  class space    used 4236K, capacity 4395K, committed 4400K, reserved 1048576K
}
Event: 11.469 GC heap before
{Heap before GC invocations=11 (full 2):
 PSYoungGen      total 376320K, used 358912K [0x00000000d6800000, 0x00000000f1280000, 0x0000000100000000)
  eden space 358912K, 100% used [0x00000000d6800000,0x00000000ec680000,0x00000000ec680000)
  from space 17408K, 0% used [0x00000000ed800000,0x00000000ed800000,0x00000000ee900000)
  to   space 17920K, 0% used [0x00000000ec680000,0x00000000ec680000,0x00000000ed800000)
 ParOldGen       total 82432K, used 22099K [0x0000000083800000, 0x0000000088880000, 0x00000000d6800000)
  object space 82432K, 26% used [0x0000000083800000,0x0000000084d94e60,0x0000000088880000)
 Metaspace       used 47141K, capacity 47698K, committed 48048K, reserved 1091584K
  class space    used 5807K, capacity 5972K, committed 6064K, reserved 1048576K

Deoptimization events (10 events):
Event: 10.034 Thread 0x00007f6a04002000 Uncommon trap: reason=class_check action=maybe_recompile pc=0x00007f6a4965aa68 method=java.util.regex.Pattern$7.isSatisfiedBy(I)Z @ 5
Event: 10.034 Thread 0x00007f6a04002000 Uncommon trap: reason=class_check action=maybe_recompile pc=0x00007f6a4965aa68 method=java.util.regex.Pattern$7.isSatisfiedBy(I)Z @ 5
Event: 10.501 Thread 0x00007f6a04002000 Uncommon trap: reason=predicate action=maybe_recompile pc=0x00007f6a498b3c84 method=java.util.TreeMap.put(Ljava/lang/Object;Ljava/lang/Object;)Ljava/lang/Object; @ 132
Event: 10.734 Thread 0x000000000264a000 Uncommon trap: reason=unstable_if action=reinterpret pc=0x00007f6a4984453c method=java.util.HashMap.putVal(ILjava/lang/Object;Ljava/lang/Object;ZZ)Ljava/lang/Object; @ 162
Event: 10.734 Thread 0x000000000264a000 Uncommon trap: reason=unstable_if action=reinterpret pc=0x00007f6a495f0c7c method=java.util.HashMap.putVal(ILjava/lang/Object;Ljava/lang/Object;ZZ)Ljava/lang/Object; @ 162
Event: 10.753 Thread 0x00007f6a04002000 Uncommon trap: reason=class_check action=maybe_recompile pc=0x00007f6a493dc8a4 method=org.springframework.beans.factory.support.AbstractBeanFactory.isTypeMatch(Ljava/lang/String;Lorg/springframework/core/ResolvableType;)Z @ 37
Event: 10.823 Thread 0x00007f6a04002000 Uncommon trap: reason=class_check action=maybe_recompile pc=0x00007f6a493dc8a4 method=org.springframework.beans.factory.support.AbstractBeanFactory.isTypeMatch(Ljava/lang/String;Lorg/springframework/core/ResolvableType;)Z @ 37
Event: 10.830 Thread 0x00007f6a04002000 Uncommon trap: reason=class_check action=maybe_recompile pc=0x00007f6a493dc8a4 method=org.springframework.beans.factory.support.AbstractBeanFactory.isTypeMatch(Ljava/lang/String;Lorg/springframework/core/ResolvableType;)Z @ 37
Event: 10.839 Thread 0x00007f6a04002000 Uncommon trap: reason=class_check action=maybe_recompile pc=0x00007f6a493dc8a4 method=org.springframework.beans.factory.support.AbstractBeanFactory.isTypeMatch(Ljava/lang/String;Lorg/springframework/core/ResolvableType;)Z @ 37
Event: 10.958 Thread 0x00007f6a04002000 Uncommon trap: reason=null_check action=make_not_entrant pc=0x00007f6a49a42c54 method=org.springframework.core.annotation.AnnotatedElementUtils.searchWithGetSemanticsInAnnotations(Ljava/lang/reflect/AnnotatedElement;Ljava/util/List;Ljava/lang/Class;Ljava/

Internal exceptions (10 events):
Event: 11.453 Thread 0x00007f6a04002000 Exception <a 'java/lang/ClassNotFoundException': org/springframework/boot/devtools/autoconfigure/HateoasObjenesisCacheDisablerCustomizer> (0x00000000ec342c50) thrown at [/build/openjdk-8-YiEakL/openjdk-8-8u121-b13/src/hotspot/src/share/vm/classfile/system
Event: 11.454 Thread 0x00007f6a04002000 Exception <a 'java/lang/ClassNotFoundException': java/lang/ObjectCustomizer> (0x00000000ec36fb18) thrown at [/build/openjdk-8-YiEakL/openjdk-8-8u121-b13/src/hotspot/src/share/vm/classfile/systemDictionary.cpp, line 210]
Event: 11.454 Thread 0x00007f6a04002000 Exception <a 'java/lang/ClassNotFoundException': org/springframework/boot/devtools/autoconfigure/LocalDevToolsAutoConfiguration$RestartConfiguration$1Customizer> (0x00000000ec3a6b28) thrown at [/build/openjdk-8-YiEakL/openjdk-8-8u121-b13/src/hotspot/src/s
Event: 11.455 Thread 0x00007f6a04002000 Exception <a 'java/lang/ClassNotFoundException': org/springframework/boot/devtools/filewatch/FileSystemWatcherFactoryCustomizer> (0x00000000ec3d1630) thrown at [/build/openjdk-8-YiEakL/openjdk-8-8u121-b13/src/hotspot/src/share/vm/classfile/systemDictionar
Event: 11.456 Thread 0x00007f6a04002000 Exception <a 'java/lang/ClassNotFoundException': java/lang/ObjectCustomizer> (0x00000000ec3fa930) thrown at [/build/openjdk-8-YiEakL/openjdk-8-8u121-b13/src/hotspot/src/share/vm/classfile/systemDictionary.cpp, line 210]
Event: 11.457 Thread 0x00007f6a04002000 Exception <a 'java/lang/ClassNotFoundException': org/springframework/boot/devtools/autoconfigure/LocalDevToolsAutoConfiguration$LiveReloadConfigurationCustomizer> (0x00000000ec431fb0) thrown at [/build/openjdk-8-YiEakL/openjdk-8-8u121-b13/src/hotspot/src/
Event: 11.461 Thread 0x00007f6a04002000 Exception <a 'java/lang/ClassNotFoundException': java/lang/ObjectCustomizer> (0x00000000ec493768) thrown at [/build/openjdk-8-YiEakL/openjdk-8-8u121-b13/src/hotspot/src/share/vm/classfile/systemDictionary.cpp, line 210]
Event: 11.461 Thread 0x00007f6a04002000 Exception <a 'java/lang/ClassNotFoundException': org/springframework/boot/devtools/livereload/LiveReloadServerCustomizer> (0x00000000ec4bb6a0) thrown at [/build/openjdk-8-YiEakL/openjdk-8-8u121-b13/src/hotspot/src/share/vm/classfile/systemDictionary.cpp, 
Event: 11.462 Thread 0x00007f6a04002000 Exception <a 'java/lang/ClassNotFoundException': java/lang/ObjectCustomizer> (0x00000000ec4d7b70) thrown at [/build/openjdk-8-YiEakL/openjdk-8-8u121-b13/src/hotspot/src/share/vm/classfile/systemDictionary.cpp, line 210]
Event: 11.463 Thread 0x00007f6a04002000 Exception <a 'java/lang/ClassNotFoundException': org/springframework/boot/devtools/autoconfigure/OptionalLiveReloadServerCustomizer> (0x00000000ec503398) thrown at [/build/openjdk-8-YiEakL/openjdk-8-8u121-b13/src/hotspot/src/share/vm/classfile/systemDicti

Events (10 events):
Event: 11.462 loading class org/springframework/boot/devtools/autoconfigure/OptionalLiveReloadServerCustomizer
Event: 11.462 loading class org/springframework/boot/devtools/autoconfigure/OptionalLiveReloadServerCustomizer done
Event: 11.463 loading class org/springframework/boot/devtools/autoconfigure/OptionalLiveReloadServerCustomizer
Event: 11.463 loading class org/springframework/boot/devtools/autoconfigure/OptionalLiveReloadServerCustomizer done
Event: 11.463 loading class org/springframework/boot/devtools/livereload/LiveReloadServer$2
Event: 11.463 loading class org/springframework/boot/devtools/livereload/LiveReloadServer$2 done
Event: 11.463 loading class org/springframework/boot/devtools/restart/Restarter$LeakSafeThreadFactory$1
Event: 11.463 loading class org/springframework/boot/devtools/restart/Restarter$LeakSafeThreadFactory$1 done
Event: 11.469 Thread 0x0000000001db3000 Thread added: 0x0000000001db3000
Event: 11.469 Executing VM operation: ParallelGCFailedAllocation


Dynamic libraries:
00400000-00401000 r-xp 00000000 08:01 1061741                            /usr/lib/jvm/java-8-openjdk-amd64/jre/bin/java
00600000-00601000 r--p 00000000 08:01 1061741                            /usr/lib/jvm/java-8-openjdk-amd64/jre/bin/java
00601000-00602000 rw-p 00001000 08:01 1061741                            /usr/lib/jvm/java-8-openjdk-amd64/jre/bin/java
016bc000-0265e000 rw-p 00000000 00:00 0                                  [heap]
83800000-88880000 rw-p 00000000 00:00 0 
88880000-d6800000 ---p 00000000 00:00 0 
d6800000-f1280000 rw-p 00000000 00:00 0 
f8d00000-100000000 ---p 00000000 00:00 0 
100000000-1005ec000 rw-p 00000000 00:00 0 
1005ec000-140000000 ---p 00000000 00:00 0 
7f6a02cfe000-7f6a02d01000 ---p 00000000 00:00 0 
7f6a02d01000-7f6a02eff000 rw-p 00000000 00:00 0 
7f6a02eff000-7f6a02fff000 ---p 00000000 00:00 0 
7f6a02fff000-7f6a04000000 rw-p 00000000 00:00 0 
7f6a04000000-7f6a04021000 rw-p 00000000 00:00 0 
7f6a04021000-7f6a08000000 ---p 00000000 00:00 0 
7f6a0802a000-7f6a0802d000 ---p 00000000 00:00 0 
7f6a0802d000-7f6a0812b000 rw-p 00000000 00:00 0 
7f6a0812b000-7f6a0812e000 ---p 00000000 00:00 0 
7f6a0812e000-7f6a0922d000 rw-p 00000000 00:00 0 
7f6a0922d000-7f6a09230000 ---p 00000000 00:00 0 
7f6a09230000-7f6a0932e000 rw-p 00000000 00:00 0 
7f6a0932e000-7f6a09331000 ---p 00000000 00:00 0 
7f6a09331000-7f6a0942f000 rw-p 00000000 00:00 0 
7f6a0942f000-7f6a09432000 ---p 00000000 00:00 0 
7f6a09432000-7f6a09730000 rw-p 00000000 00:00 0 
7f6a09730000-7f6a09733000 ---p 00000000 00:00 0 
7f6a09733000-7f6a09831000 rw-p 00000000 00:00 0 
7f6a09831000-7f6a09834000 ---p 00000000 00:00 0 
7f6a09834000-7f6a09b32000 rw-p 00000000 00:00 0 
7f6a09b32000-7f6a09d32000 rw-p 00000000 00:00 0 
7f6a09d32000-7f6a09d44000 r-xp 00000000 08:01 448519                     /tmp/jffi162947624259854859.so (deleted)
7f6a09d44000-7f6a09f43000 ---p 00012000 08:01 448519                     /tmp/jffi162947624259854859.so (deleted)
7f6a09f43000-7f6a09f44000 rw-p 00011000 08:01 448519                     /tmp/jffi162947624259854859.so (deleted)
7f6a09f44000-7f6a0a144000 rw-p 00000000 00:00 0 
7f6a0a144000-7f6a0a147000 ---p 00000000 00:00 0 
7f6a0a147000-7f6a0a245000 rw-p 00000000 00:00 0 
7f6a0a245000-7f6a0a248000 ---p 00000000 00:00 0 
7f6a0a248000-7f6a0a346000 rw-p 00000000 00:00 0 
7f6a0a346000-7f6a0a349000 ---p 00000000 00:00 0 
7f6a0a349000-7f6a0a647000 rw-p 00000000 00:00 0 
7f6a0a647000-7f6a0a64a000 ---p 00000000 00:00 0 
7f6a0a64a000-7f6a0a948000 rw-p 00000000 00:00 0 
7f6a0a9b7000-7f6a0abb7000 rw-p 00000000 00:00 0 
7f6a0abb7000-7f6a0adb7000 rw-p 00000000 00:00 0 
7f6a0adb7000-7f6a0adba000 ---p 00000000 00:00 0 
7f6a0adba000-7f6a0b0b8000 rw-p 00000000 00:00 0 
7f6a0b0b8000-7f6a0b0e0000 r-xp 00000000 08:01 1061685                    /usr/lib/jvm/java-8-openjdk-amd64/jre/lib/amd64/libsunec.so
7f6a0b0e0000-7f6a0b2df000 ---p 00028000 08:01 1061685                    /usr/lib/jvm/java-8-openjdk-amd64/jre/lib/amd64/libsunec.so
7f6a0b2df000-7f6a0b2e3000 r--p 00027000 08:01 1061685                    /usr/lib/jvm/java-8-openjdk-amd64/jre/lib/amd64/libsunec.so
7f6a0b2e3000-7f6a0b2e4000 rw-p 0002b000 08:01 1061685                    /usr/lib/jvm/java-8-openjdk-amd64/jre/lib/amd64/libsunec.so
7f6a0b2e4000-7f6a0b4e4000 rw-p 00000000 00:00 0 
7f6a0b4e4000-7f6a0b6e4000 rw-p 00000000 00:00 0 
7f6a0b6e4000-7f6a0b8e4000 rw-p 00000000 00:00 0 
7f6a0b8e4000-7f6a0bae4000 rw-p 00000000 00:00 0 
7f6a0bae4000-7f6a0bce4000 rw-p 00000000 00:00 0 
7f6a0bce4000-7f6a0bce7000 ---p 00000000 00:00 0 
7f6a0bce7000-7f6a0bde5000 rw-p 00000000 00:00 0 
7f6a0bde5000-7f6a0bdfc000 r-xp 00000000 08:01 660969                     /lib/x86_64-linux-gnu/libresolv-2.23.so
7f6a0bdfc000-7f6a0bffc000 ---p 00017000 08:01 660969                     /lib/x86_64-linux-gnu/libresolv-2.23.so
7f6a0bffc000-7f6a0bffd000 r--p 00017000 08:01 660969                     /lib/x86_64-linux-gnu/libresolv-2.23.so
7f6a0bffd000-7f6a0bffe000 rw-p 00018000 08:01 660969                     /lib/x86_64-linux-gnu/libresolv-2.23.so
7f6a0bffe000-7f6a0c000000 rw-p 00000000 00:00 0 
7f6a0c000000-7f6a0c021000 rw-p 00000000 00:00 0 
7f6a0c021000-7f6a10000000 ---p 00000000 00:00 0 
7f6a10000000-7f6a10228000 rw-p 00000000 00:00 0 
7f6a10228000-7f6a14000000 ---p 00000000 00:00 0 
7f6a14000000-7f6a14025000 rw-p 00000000 00:00 0 
7f6a14025000-7f6a18000000 ---p 00000000 00:00 0 
7f6a18000000-7f6a18021000 rw-p 00000000 00:00 0 
7f6a18021000-7f6a1c000000 ---p 00000000 00:00 0 
7f6a1c000000-7f6a1d254000 rw-p 00000000 00:00 0 
7f6a1d254000-7f6a20000000 ---p 00000000 00:00 0 
7f6a20000000-7f6a20021000 rw-p 00000000 00:00 0 
7f6a20021000-7f6a24000000 ---p 00000000 00:00 0 
7f6a24000000-7f6a24021000 rw-p 00000000 00:00 0 
7f6a24021000-7f6a28000000 ---p 00000000 00:00 0 
7f6a28000000-7f6a29679000 rw-p 00000000 00:00 0 
7f6a29679000-7f6a2c000000 ---p 00000000 00:00 0 
7f6a2c000000-7f6a2c021000 rw-p 00000000 00:00 0 
7f6a2c021000-7f6a30000000 ---p 00000000 00:00 0 
7f6a30000000-7f6a30021000 rw-p 00000000 00:00 0 
7f6a30021000-7f6a34000000 ---p 00000000 00:00 0 
7f6a34000000-7f6a34021000 rw-p 00000000 00:00 0 
7f6a34021000-7f6a38000000 ---p 00000000 00:00 0 
7f6a38076000-7f6a3807b000 r-xp 00000000 08:01 660914                     /lib/x86_64-linux-gnu/libnss_dns-2.23.so
7f6a3807b000-7f6a3827b000 ---p 00005000 08:01 660914                     /lib/x86_64-linux-gnu/libnss_dns-2.23.so
7f6a3827b000-7f6a3827c000 r--p 00005000 08:01 660914                     /lib/x86_64-linux-gnu/libnss_dns-2.23.so
7f6a3827c000-7f6a3827d000 rw-p 00006000 08:01 660914                     /lib/x86_64-linux-gnu/libnss_dns-2.23.so
7f6a3827d000-7f6a3827f000 r-xp 00000000 08:01 660922                     /lib/x86_64-linux-gnu/libnss_mdns4_minimal.so.2
7f6a3827f000-7f6a3847e000 ---p 00002000 08:01 660922                     /lib/x86_64-linux-gnu/libnss_mdns4_minimal.so.2
7f6a3847e000-7f6a3847f000 r--p 00001000 08:01 660922                     /lib/x86_64-linux-gnu/libnss_mdns4_minimal.so.2
7f6a3847f000-7f6a38480000 rw-p 00002000 08:01 660922                     /lib/x86_64-linux-gnu/libnss_mdns4_minimal.so.2
7f6a38480000-7f6a38483000 ---p 00000000 00:00 0 
7f6a38483000-7f6a38781000 rw-p 00000000 00:00 0 
7f6a38781000-7f6a38784000 ---p 00000000 00:00 0 
7f6a38784000-7f6a38882000 rw-p 00000000 00:00 0 
7f6a38882000-7f6a38885000 ---p 00000000 00:00 0 
7f6a38885000-7f6a38983000 rw-p 00000000 00:00 0 
7f6a389c6000-7f6a389c7000 r-xp 00000000 00:00 0 
7f6a389c7000-7f6a389ce000 r--s 00000000 08:01 1769                       /usr/lib/x86_64-linux-gnu/gconv/gconv-modules.cache
7f6a389ce000-7f6a389d1000 r--s 00015000 08:01 1061732                    /usr/lib/jvm/java-8-openjdk-amd64/jre/lib/jce.jar
7f6a389d1000-7f6a389e4000 r--s 00346000 08:01 1061709                    /usr/lib/jvm/java-8-openjdk-amd64/jre/lib/resources.jar
7f6a389e4000-7f6a389e9000 r--s 002f9000 08:01 1061734                    /usr/lib/jvm/java-8-openjdk-amd64/jre/lib/charsets.jar
7f6a389e9000-7f6a38be9000 rw-p 00000000 00:00 0 
7f6a38be9000-7f6a38bea000 ---p 00000000 00:00 0 
7f6a38bea000-7f6a38cea000 rw-p 00000000 00:00 0 
7f6a38cea000-7f6a38ced000 ---p 00000000 00:00 0 
7f6a38ced000-7f6a38deb000 rw-p 00000000 00:00 0 
7f6a38deb000-7f6a38dee000 ---p 00000000 00:00 0 
7f6a38dee000-7f6a38eec000 rw-p 00000000 00:00 0 
7f6a38eec000-7f6a38eef000 ---p 00000000 00:00 0 
7f6a38eef000-7f6a38fed000 rw-p 00000000 00:00 0 
7f6a38fed000-7f6a38ff1000 r--s 0009a000 08:01 1061731                    /usr/lib/jvm/java-8-openjdk-amd64/jre/lib/jsse.jar
7f6a38ff1000-7f6a38ff2000 r--s 00004000 08:01 444839                     /home/docker/.m2/repository/com/vaadin/external/google/android-json/0.0.20131108.vaadin1/android-json-0.0.20131108.vaadin1.jar
7f6a38ff2000-7f6a38ff4000 r--s 0000d000 08:01 570118                     /home/docker/.m2/repository/org/springframework/boot/spring-boot-configuration-processor/1.5.2.RELEASE/spring-boot-configuration-processor-1.5.2.RELEASE.jar
7f6a38ff4000-7f6a39014000 r--s 000e0000 08:01 1069200                    /home/docker/.m2/repository/org/springframework/boot/spring-boot-autoconfigure/1.5.2.RELEASE/spring-boot-autoconfigure-1.5.2.RELEASE.jar
7f6a39014000-7f6a39024000 r--s 00094000 08:01 678932                     /home/docker/.m2/repository/org/springframework/boot/spring-boot/1.5.2.RELEASE/spring-boot-1.5.2.RELEASE.jar
7f6a39024000-7f6a3902b000 r--s 0002e000 08:01 571186                     /home/docker/.m2/repository/org/springframework/boot/spring-boot-devtools/1.5.2.RELEASE/spring-boot-devtools-1.5.2.RELEASE.jar
7f6a3902b000-7f6a3902d000 r--s 00009000 08:01 798151                     /home/docker/.m2/repository/org/slf4j/slf4j-api/1.7.24/slf4j-api-1.7.24.jar
7f6a3902d000-7f6a39047000 r--s 000fd000 08:01 1069226                    /home/docker/.m2/repository/org/springframework/spring-context/4.3.7.RELEASE/spring-context-4.3.7.RELEASE.jar
7f6a39047000-7f6a3904b000 r--s 00020000 08:01 678989                     /home/docker/.m2/repository/io/netty/netty-codec/4.0.27.Final/netty-codec-4.0.27.Final.jar
7f6a3904b000-7f6a39052000 r--s 00047000 08:01 678997                     /home/docker/.m2/repository/io/netty/netty-transport/4.0.27.Final/netty-transport-4.0.27.Final.jar
7f6a39052000-7f6a39059000 r--s 00060000 08:01 678993                     /home/docker/.m2/repository/io/netty/netty-common/4.0.27.Final/netty-common-4.0.27.Final.jar
7f6a39059000-7f6a3905b000 r--s 00027000 08:01 678995                     /home/docker/.m2/repository/io/netty/netty-buffer/4.0.27.Final/netty-buffer-4.0.27.Final.jar
7f6a3905b000-7f6a39060000 r--s 00036000 08:01 678991                     /home/docker/.m2/repository/io/netty/netty-handler/4.0.27.Final/netty-handler-4.0.27.Final.jar
7f6a39060000-7f6a3908b000 r--s 001fc000 08:01 798153                     /home/docker/.m2/repository/com/google/guava/guava/18.0/guava-18.0.jar
7f6a3908b000-7f6a390a2000 r--s 000fb000 08:01 1069232                    /home/docker/.m2/repository/org/springframework/spring-core/4.3.7.RELEASE/spring-core-4.3.7.RELEASE.jar
7f6a390a2000-7f6a390b3000 r--s 000cf000 08:01 4185                       /home/docker/.m2/repository/org/springframework/spring-webmvc/4.3.7.RELEASE/spring-webmvc-4.3.7.RELEASE.jar
7f6a390b3000-7f6a390bc000 r--s 00054000 08:01 1069222                    /home/docker/.m2/repository/org/springframework/spring-aop/4.3.7.RELEASE/spring-aop-4.3.7.RELEASE.jar
7f6a390bc000-7f6a390cd000 r--s 000b7000 08:01 1069220                    /home/docker/.m2/repository/org/springframework/spring-web/4.3.7.RELEASE/spring-web-4.3.7.RELEASE.jar
7f6a390cd000-7f6a390d0000 r--s 00042000 08:01 678934                     /home/docker/.m2/repository/com/fasterxml/jackson/core/jackson-core/2.8.7/jackson-core-2.8.7.jar
7f6a390d0000-7f6a390d3000 r--s 0000b000 08:01 678936                     /home/docker/.m2/repository/com/fasterxml/jackson/core/jackson-annotations/2.8.0/jackson-annotations-2.8.0.jar
7f6a390d3000-7f6a390e5000 r--s 0011d000 08:01 570374                     /home/docker/.m2/repository/com/fasterxml/jackson/core/jackson-databind/2.8.7/jackson-databind-2.8.7.jar
7f6a390e5000-7f6a390e7000 r--s 0000e000 08:01 570372                     /home/docker/.m2/repository/com/fasterxml/classmate/1.3.3/classmate-1.3.3.jar
7f6a390e7000-7f6a390e9000 r--s 0000f000 08:01 4183                       /home/docker/.m2/repository/org/jboss/logging/jboss-logging/3.3.0.Final/jboss-logging-3.3.0.Final.jar
7f6a390e9000-7f6a390ed000 r--s 0000c000 08:01 444926                     /home/docker/.m2/repository/javax/validation/validation-api/1.1.0.Final/validation-api-1.1.0.Final.jar
7f6a390ed000-7f6a390fe000 r--s 000a1000 08:01 1069218                    /home/docker/.m2/repository/org/hibernate/hibernate-validator/5.3.4.Final/hibernate-validator-5.3.4.Final.jar
7f6a390fe000-7f6a39103000 r--s 00036000 08:01 1069216                    /home/docker/.m2/repository/org/apache/tomcat/embed/tomcat-embed-websocket/8.5.11/tomcat-embed-websocket-8.5.11.jar
7f6a39103000-7f6a39108000 r--s 00036000 08:01 1069214                    /home/docker/.m2/repository/org/apache/tomcat/embed/tomcat-embed-el/8.5.11/tomcat-embed-el-8.5.11.jar
7f6a39108000-7f6a39131000 r--s 002b8000 08:01 1069212                    /home/docker/.m2/repository/org/apache/tomcat/embed/tomcat-embed-core/8.5.11/tomcat-embed-core-8.5.11.jar
7f6a39131000-7f6a39132000 r--s 00000000 08:01 1069210                    /home/docker/.m2/repository/org/springframework/boot/spring-boot-starter-tomcat/1.5.2.RELEASE/spring-boot-starter-tomcat-1.5.2.RELEASE.jar
7f6a39132000-7f6a39133000 r--s 00000000 08:01 570368                     /home/docker/.m2/repository/org/springframework/boot/spring-boot-starter-web/1.5.2.RELEASE/spring-boot-starter-web-1.5.2.RELEASE.jar
7f6a39133000-7f6a39135000 r--s 00003000 08:01 798145                     /home/docker/.m2/repository/org/slf4j/jcl-over-slf4j/1.7.24/jcl-over-slf4j-1.7.24.jar
7f6a39135000-7f6a3913a000 r--s 0004a000 08:01 6672                       /home/docker/.m2/repository/com/github/jnr/jnr-constants/0.9.0/jnr-constants-0.9.0.jar
7f6a3913a000-7f6a3913f000 r--s 00031000 08:01 6670                       /home/docker/.m2/repository/com/github/jnr/jnr-posix/3.0.27/jnr-posix-3.0.27.jar
7f6a3913f000-7f6a39142000 r--s 00033000 08:01 6668                       /home/docker/.m2/repository/com/github/jnr/jnr-x86asm/1.0.2/jnr-x86asm-1.0.2.jar
7f6a39142000-7f6a39143000 r--s 0000a000 08:01 6666                       /home/docker/.m2/repository/org/ow2/asm/asm-util/5.0.3/asm-util-5.0.3.jar
7f6a39143000-7f6a39145000 r--s 00006000 08:01 6664                       /home/docker/.m2/repository/org/ow2/asm/asm-tree/5.0.3/asm-tree-5.0.3.jar
7f6a39145000-7f6a39146000 r--s 00004000 08:01 6662                       /home/docker/.m2/repository/org/ow2/asm/asm-analysis/5.0.3/asm-analysis-5.0.3.jar
7f6a39146000-7f6a39148000 r--s 00009000 08:01 6660                       /home/docker/.m2/repository/org/ow2/asm/asm-commons/5.0.3/asm-commons-5.0.3.jar
7f6a39148000-7f6a39149000 r--s 0000c000 08:01 4197                       /home/docker/.m2/repository/org/ow2/asm/asm/5.0.3/asm-5.0.3.jar
7f6a39149000-7f6a3914b000 r--s 0006e000 08:01 6658                       /home/docker/.m2/repository/com/github/jnr/jffi/1.2.10/jffi-1.2.10-native.jar
7f6a3914b000-7f6a3914f000 r--s 00021000 08:01 6656                       /home/docker/.m2/repository/com/github/jnr/jffi/1.2.10/jffi-1.2.10.jar
7f6a3914f000-7f6a3915f000 r--s 00091000 08:01 6654                       /home/docker/.m2/repository/com/github/jnr/jnr-ffi/2.0.7/jnr-ffi-2.0.7.jar
7f6a3915f000-7f6a39163000 r--s 0001a000 08:01 800383                     /home/docker/.m2/repository/io/dropwizard/metrics/metrics-core/3.1.3/metrics-core-3.1.3.jar
7f6a39163000-7f6a39175000 r--s 000f0000 08:01 6652                       /home/docker/.m2/repository/com/datastax/cassandra/cassandra-driver-core/3.1.4/cassandra-driver-core-3.1.4.jar
7f6a39175000-7f6a39187000 r--s 000a9000 08:01 570889                     /home/docker/.m2/repository/org/springframework/data/spring-data-commons/1.13.1.RELEASE/spring-data-commons-1.13.1.RELEASE.jar
7f6a39187000-7f6a3918c000 r--s 0003c000 08:01 1069228                    /home/docker/.m2/repository/org/springframework/spring-expression/4.3.7.RELEASE/spring-expression-4.3.7.RELEASE.jar
7f6a3918c000-7f6a39195000 r--s 0003b000 08:01 570887                     /home/docker/.m2/repository/org/springframework/data/spring-cql/1.5.1.RELEASE/spring-cql-1.5.1.RELEASE.jar
7f6a39195000-7f6a3919d000 r--s 00040000 08:01 570885                     /home/docker/.m2/repository/org/springframework/data/spring-data-cassandra/1.5.1.RELEASE/spring-data-cassandra-1.5.1.RELEASE.jar
7f6a3919d000-7f6a391ab000 r--s 000ad000 08:01 1069224                    /home/docker/.m2/repository/org/springframework/spring-beans/4.3.7.RELEASE/spring-beans-4.3.7.RELEASE.jar
7f6a391ab000-7f6a391b3000 r--s 0003a000 08:01 1069377                    /home/docker/.m2/repository/org/springframework/spring-tx/4.3.7.RELEASE/spring-tx-4.3.7.RELEASE.jar
7f6a391b3000-7f6a391b4000 r--s 00000000 08:01 6650                       /home/docker/.m2/repository/org/springframework/boot/spring-boot-starter-data-cassandra/1.5.2.RELEASE/spring-boot-starter-data-cassandra-1.5.2.RELEASE.jar
7f6a391b4000-7f6a391c5000 r--s 0008a000 08:01 794840                     /home/docker/.m2/repository/joda-time/joda-time/2.9.7/joda-time-2.9.7.jar
7f6a391c5000-7f6a391dd000 r--s 000fd000 08:01 570424                     /home/docker/.m2/repository/io/reactivex/rxjava/1.1.10/rxjava-1.1.10.jar
7f6a391dd000-7f6a391df000 r--s 00002000 08:01 4393                       /home/docker/.m2/repository/com/netflix/netflix-commons/netflix-statistics/0.1.1/netflix-statistics-0.1.1.jar
7f6a391df000-7f6a391e3000 r--s 00024000 08:01 4540                       /home/docker/.m2/repository/com/netflix/ribbon/ribbon-loadbalancer/2.2.0/ribbon-loadbalancer-2.2.0.jar
7f6a391e3000-7f6a391e4000 r--s 00001000 08:01 4389                       /home/docker/.m2/repository/com/netflix/netflix-commons/netflix-commons-util/0.1.1/netflix-commons-util-0.1.1.jar
7f6a391e4000-7f6a391e8000 r--s 00027000 08:01 4387                       /home/docker/.m2/repository/com/netflix/servo/servo-internal/0.10.1/servo-internal-0.10.1.jar
7f6a391e8000-7f6a391ed000 r--s 00032000 08:01 4385                       /home/docker/.m2/repository/com/netflix/servo/servo-core/0.10.1/servo-core-0.10.1.jar
7f6a391ed000-7f6a391ef000 r--s 00003000 08:01 4383                       /home/docker/.m2/repository/com/sun/jersey/contribs/jersey-apache-client4/1.19.1/jersey-apache-client4-1.19.1.jar
7f6a391ef000-7f6a391f1000 r--s 0000a000 08:01 570432                     /home/docker/.m2/repository/javax/ws/rs/jsr311-api/1.1.1/jsr311-api-1.1.1.jar
7f6a391f1000-7f6a391fb000 r--s 00061000 08:01 4381                       /home/docker/.m2/repository/com/sun/jersey/jersey-core/1.19.1/jersey-core-1.19.1.jar
7f6a391fb000-7f6a391fe000 r--s 0001e000 08:01 4379                       /home/docker/.m2/repository/com/sun/jersey/jersey-client/1.19.1/jersey-client-1.19.1.jar
7f6a391fe000-7f6a3920b000 r--s 00083000 08:01 570430                     /home/docker/.m2/repository/commons-collections/commons-collections/3.2.2/commons-collections-3.2.2.jar
7f6a3920b000-7f6a3920d000 r--s 0000c000 08:01 4538                       /home/docker/.m2/repository/com/netflix/ribbon/ribbon-httpclient/2.2.0/ribbon-httpclient-2.2.0.jar
7f6a3920d000-7f6a39212000 r--s 00041000 08:01 570428                     /home/docker/.m2/repository/commons-lang/commons-lang/2.6/commons-lang-2.6.jar
7f6a39212000-7f6a39216000 r--s 00011000 08:01 4536                       /home/docker/.m2/repository/com/netflix/ribbon/ribbon-core/2.2.0/ribbon-core-2.2.0.jar
7f6a39216000-7f6a39218000 r--s 00016000 08:01 798169                     /home/docker/.m2/repository/io/netty/netty-transport-native-epoll/4.0.27.Final/netty-transport-native-epoll-4.0.27.Final.jar
7f6a39218000-7f6a39229000 r-xp 00000000 08:01 1061690                    /usr/lib/jvm/java-8-openjdk-amd64/jre/lib/amd64/libnio.so
7f6a39229000-7f6a39429000 ---p 00011000 08:01 1061690                    /usr/lib/jvm/java-8-openjdk-amd64/jre/lib/amd64/libnio.so
7f6a39429000-7f6a3942a000 r--p 00011000 08:01 1061690                    /usr/lib/jvm/java-8-openjdk-amd64/jre/lib/amd64/libnio.so
7f6a3942a000-7f6a3942b000 rw-p 00012000 08:01 1061690                    /usr/lib/jvm/java-8-openjdk-amd64/jre/lib/amd64/libnio.so
7f6a3942b000-7f6a3972c000 rw-p 00000000 00:00 0 
7f6a3972c000-7f6a39743000 r-xp 00000000 08:01 1061682                    /usr/lib/jvm/java-8-openjdk-amd64/jre/lib/amd64/libnet.so
7f6a39743000-7f6a39942000 ---p 00017000 08:01 1061682                    /usr/lib/jvm/java-8-openjdk-amd64/jre/lib/amd64/libnet.so
7f6a39942000-7f6a39943000 r--p 00016000 08:01 1061682                    /usr/lib/jvm/java-8-openjdk-amd64/jre/lib/amd64/libnet.so
7f6a39943000-7f6a39944000 rw-p 00017000 08:01 1061682                    /usr/lib/jvm/java-8-openjdk-amd64/jre/lib/amd64/libnet.so
7f6a39944000-7f6a3994d000 r-xp 00000000 08:01 1061698                    /usr/lib/jvm/java-8-openjdk-amd64/jre/lib/amd64/libmanagement.so
7f6a3994d000-7f6a39b4c000 ---p 00009000 08:01 1061698                    /usr/lib/jvm/java-8-openjdk-amd64/jre/lib/amd64/libmanagement.so
7f6a39b4c000-7f6a39b4d000 r--p 00008000 08:01 1061698                    /usr/lib/jvm/java-8-openjdk-amd64/jre/lib/amd64/libmanagement.so
7f6a39b4d000-7f6a39b4e000 rw-p 00009000 08:01 1061698                    /usr/lib/jvm/java-8-openjdk-amd64/jre/lib/amd64/libmanagement.so
7f6a39b4e000-7f6a39b51000 ---p 00000000 00:00 0 
7f6a39b51000-7f6a39c4f000 rw-p 00000000 00:00 0 
7f6a39c4f000-7f6a39c52000 ---p 00000000 00:00 0 
7f6a39c52000-7f6a39d50000 rw-p 00000000 00:00 0 
7f6a39d50000-7f6a39d53000 ---p 00000000 00:00 0 
7f6a39d53000-7f6a39e51000 rw-p 00000000 00:00 0 
7f6a39e51000-7f6a39e54000 ---p 00000000 00:00 0 
7f6a39e54000-7f6a39f52000 rw-p 00000000 00:00 0 
7f6a39f52000-7f6a3a911000 r--p 00000000 08:01 926756                     /usr/lib/locale/locale-archive
7f6a3a911000-7f6a3a914000 ---p 00000000 00:00 0 
7f6a3a914000-7f6a3aa12000 rw-p 00000000 00:00 0 
7f6a3aa12000-7f6a3aa15000 ---p 00000000 00:00 0 
7f6a3aa15000-7f6a3ab13000 rw-p 00000000 00:00 0 
7f6a3ab13000-7f6a3ab14000 ---p 00000000 00:00 0 
7f6a3ab14000-7f6a3c000000 rw-p 00000000 00:00 0 
7f6a3c000000-7f6a3c021000 rw-p 00000000 00:00 0 
7f6a3c021000-7f6a40000000 ---p 00000000 00:00 0 
7f6a40000000-7f6a40008000 r--s 00061000 08:01 678987                     /home/docker/.m2/repository/io/netty/netty-codec-http/4.0.27.Final/netty-codec-http-4.0.27.Final.jar
7f6a40008000-7f6a40012000 r--s 00059000 08:01 678985                     /home/docker/.m2/repository/io/reactivex/rxnetty/0.4.9/rxnetty-0.4.9.jar
7f6a40012000-7f6a40013000 r--s 00000000 08:01 444957                     /home/docker/.m2/repository/javax/inject/javax.inject/1/javax.inject-1.jar
7f6a40013000-7f6a40016000 r--s 00019000 08:01 7619                       /home/docker/.m2/repository/org/hdrhistogram/HdrHistogram/2.1.7/HdrHistogram-2.1.7.jar
7f6a40016000-7f6a40022000 r--s 00061000 08:01 7592                       /home/docker/.m2/repository/com/netflix/hystrix/hystrix-core/1.5.3/hystrix-core-1.5.3.jar
7f6a40022000-7f6a40024000 r--s 00006000 08:01 798167                     /home/docker/.m2/repository/io/reactivex/rxnetty-servo/0.4.9/rxnetty-servo-0.4.9.jar
7f6a40024000-7f6a40027000 r--s 0000b000 08:01 570422                     /home/docker/.m2/repository/io/reactivex/rxnetty-contexts/0.4.9/rxnetty-contexts-0.4.9.jar
7f6a40027000-7f6a40028000 r--s 00009000 08:01 4532                       /home/docker/.m2/repository/com/netflix/ribbon/ribbon-transport/2.2.0/ribbon-transport-2.2.0.jar
7f6a40028000-7f6a4002b000 r--s 00013000 08:01 4530                       /home/docker/.m2/repository/com/netflix/ribbon/ribbon/2.2.0/ribbon-2.2.0.jar
7f6a4002b000-7f6a40032000 r--s 00050000 08:01 570426                     /home/docker/.m2/repository/commons-configuration/commons-configuration/1.8/commons-configuration-1.8.jar
7f6a40032000-7f6a40034000 r--s 00003000 08:01 798171                     /home/docker/.m2/repository/com/google/code/findbugs/jsr305/3.0.1/jsr305-3.0.1.jar
7f6a40034000-7f6a40038000 r--s 0001e000 08:01 4373                       /home/docker/.m2/repository/com/netflix/archaius/archaius-core/0.7.4/archaius-core-0.7.4.jar
7f6a40038000-7f6a40039000 r--s 00000000 08:01 679765                     /home/docker/.m2/repository/org/springframework/cloud/spring-cloud-starter-archaius/1.1.7.RELEASE/spring-cloud-starter-archaius-1.1.7.RELEASE.jar
7f6a40039000-7f6a40083000 r--s 002f4000 08:01 4781                       /home/docker/.m2/repository/org/bouncycastle/bcprov-jdk15on/1.55/bcprov-jdk15on-1.55.jar
7f6a40083000-7f6a40094000 r--s 00096000 08:01 4779                       /home/docker/.m2/repository/org/bouncycastle/bcpkix-jdk15on/1.55/bcpkix-jdk15on-1.55.jar
7f6a40094000-7f6a40095000 r--s 00004000 08:01 570595                     /home/docker/.m2/repository/org/springframework/security/spring-security-rsa/1.0.3.RELEASE/spring-security-rsa-1.0.3.RELEASE.jar
7f6a40095000-7f6a40096000 r--s 00000000 08:01 679763                     /home/docker/.m2/repository/org/springframework/cloud/spring-cloud-starter/1.1.3.RELEASE/spring-cloud-starter-1.1.3.RELEASE.jar
7f6a40096000-7f6a40097000 r--s 00000000 08:01 679761                     /home/docker/.m2/repository/org/springframework/cloud/spring-cloud-starter-ribbon/1.1.7.RELEASE/spring-cloud-starter-ribbon-1.1.7.RELEASE.jar
7f6a40097000-7f6a4009f000 r--s 0003e000 08:01 679759                     /home/docker/.m2/repository/org/springframework/cloud/spring-cloud-netflix-core/1.1.7.RELEASE/spring-cloud-netflix-core-1.1.7.RELEASE.jar
7f6a4009f000-7f6a400a1000 r--s 00009000 08:01 679757                     /home/docker/.m2/repository/org/springframework/cloud/spring-cloud-consul-discovery/1.0.2.RELEASE/spring-cloud-consul-discovery-1.0.2.RELEASE.jar
7f6a400a1000-7f6a400a3000 r--s 0000c000 08:01 570597                     /home/docker/.m2/repository/org/springframework/security/spring-security-crypto/4.2.2.RELEASE/spring-security-crypto-4.2.2.RELEASE.jar
7f6a400a3000-7f6a400ab000 r--s 00048000 08:01 952692                     /home/docker/.m2/repository/org/apache/httpcomponents/httpcore/4.4.6/httpcore-4.4.6.jar
7f6a400ab000-7f6a400b2000 r--s 0003f000 08:01 444930                     /home/docker/.m2/repository/commons-codec/commons-codec/1.10/commons-codec-1.10.jar
7f6a400b2000-7f6a400bf000 r--s 000aa000 08:01 800381                     /home/docker/.m2/repository/org/apache/httpcomponents/httpclient/4.5.3/httpclient-4.5.3.jar
7f6a400bf000-7f6a44000000 rw-p 00000000 00:00 0 
7f6a44000000-7f6a4404d000 rw-p 00000000 00:00 0 
7f6a4404d000-7f6a48000000 ---p 00000000 00:00 0 
7f6a48000000-7f6a48001000 r--s 00000000 08:01 679755                     /home/docker/.m2/repository/org/springframework/cloud/spring-cloud-starter-consul-discovery/1.0.2.RELEASE/spring-cloud-starter-consul-discovery-1.0.2.RELEASE.jar
7f6a48001000-7f6a48005000 r--s 00014000 08:01 571162                     /home/docker/.m2/repository/org/springframework/cloud/spring-cloud-context/1.1.3.RELEASE/spring-cloud-context-1.1.3.RELEASE.jar
7f6a48005000-7f6a4800a000 r--s 00034000 08:01 800379                     /home/docker/.m2/repository/com/google/code/gson/gson/2.8.0/gson-2.8.0.jar
7f6a4800a000-7f6a4800e000 r--s 00018000 08:01 7589                       /home/docker/.m2/repository/com/ecwid/consul/consul-api/1.1.10/consul-api-1.1.10.jar
7f6a4800e000-7f6a48010000 r--s 00003000 08:01 571160                     /home/docker/.m2/repository/org/springframework/cloud/spring-cloud-consul-core/1.0.2.RELEASE/spring-cloud-consul-core-1.0.2.RELEASE.jar
7f6a48010000-7f6a48020000 r--s 00077000 08:01 4233                       /home/docker/.m2/repository/org/springframework/boot/spring-boot-actuator/1.5.2.RELEASE/spring-boot-actuator-1.5.2.RELEASE.jar
7f6a48020000-7f6a48026000 r--s 0003d000 08:01 570370                     /home/docker/.m2/repository/org/yaml/snakeyaml/1.17/snakeyaml-1.17.jar
7f6a48026000-7f6a48041000 r--s 00394000 08:01 1061724                    /usr/lib/jvm/java-8-openjdk-amd64/jre/lib/ext/cldrdata.jar
7f6a48041000-7f6a4805c000 r--s 001d6000 08:01 1061721                    /usr/lib/jvm/java-8-openjdk-amd64/jre/lib/ext/nashorn.jar
7f6a4805c000-7f6a480eb000 rw-p 00000000 00:00 0 
7f6a480eb000-7f6a482b9000 r--s 03c06000 08:01 1061735                    /usr/lib/jvm/java-8-openjdk-amd64/jre/lib/rt.jar
7f6a482b9000-7f6a482ba000 ---p 00000000 00:00 0 
7f6a482ba000-7f6a483e3000 rw-p 00000000 00:00 0 
7f6a483e3000-7f6a48652000 ---p 00000000 00:00 0 
7f6a48652000-7f6a4867b000 rw-p 00000000 00:00 0 
7f6a4867b000-7f6a488ea000 ---p 00000000 00:00 0 
7f6a488ea000-7f6a489c0000 rw-p 00000000 00:00 0 
7f6a489c0000-7f6a48a36000 ---p 00000000 00:00 0 
7f6a48a36000-7f6a48a6c000 rw-p 00000000 00:00 0 
7f6a48a6c000-7f6a48df7000 ---p 00000000 00:00 0 
7f6a48df7000-7f6a49b07000 rwxp 00000000 00:00 0 
7f6a49b07000-7f6a57df7000 ---p 00000000 00:00 0 
7f6a57df7000-7f6a57dff000 r-xp 00000000 08:01 1061680                    /usr/lib/jvm/java-8-openjdk-amd64/jre/lib/amd64/libzip.so
7f6a57dff000-7f6a57ffe000 ---p 00008000 08:01 1061680                    /usr/lib/jvm/java-8-openjdk-amd64/jre/lib/amd64/libzip.so
7f6a57ffe000-7f6a57fff000 r--p 00007000 08:01 1061680                    /usr/lib/jvm/java-8-openjdk-amd64/jre/lib/amd64/libzip.so
7f6a57fff000-7f6a58000000 rw-p 00008000 08:01 1061680                    /usr/lib/jvm/java-8-openjdk-amd64/jre/lib/amd64/libzip.so
7f6a58000000-7f6a58b6d000 rw-p 00000000 00:00 0 
7f6a58b6d000-7f6a5c000000 ---p 00000000 00:00 0 
7f6a5c000000-7f6a5c001000 r--s 00005000 08:01 679753                     /home/docker/.m2/repository/org/springframework/cloud/spring-cloud-consul-config/1.0.2.RELEASE/spring-cloud-consul-config-1.0.2.RELEASE.jar
7f6a5c001000-7f6a5c004000 r--s 0000e000 08:01 571158                     /home/docker/.m2/repository/org/springframework/cloud/spring-cloud-commons/1.1.3.RELEASE/spring-cloud-commons-1.1.3.RELEASE.jar
7f6a5c004000-7f6a5c005000 r--s 00000000 08:01 571156                     /home/docker/.m2/repository/org/springframework/cloud/spring-cloud-starter-consul/1.0.2.RELEASE/spring-cloud-starter-consul-1.0.2.RELEASE.jar
7f6a5c005000-7f6a5c007000 r--s 00004000 08:01 1069208                    /home/docker/.m2/repository/org/slf4j/log4j-over-slf4j/1.7.24/log4j-over-slf4j-1.7.24.jar
7f6a5c007000-7f6a5c012000 r--s 0006a000 08:01 1069206                    /home/docker/.m2/repository/ch/qos/logback/logback-core/1.1.11/logback-core-1.1.11.jar
7f6a5c012000-7f6a5c019000 r--s 00045000 08:01 1069204                    /home/docker/.m2/repository/ch/qos/logback/logback-classic/1.1.11/logback-classic-1.1.11.jar
7f6a5c019000-7f6a5c08f000 rw-p 00000000 00:00 0 
7f6a5c08f000-7f6a5c090000 ---p 00000000 00:00 0 
7f6a5c090000-7f6a5c190000 rw-p 00000000 00:00 0 
7f6a5c190000-7f6a5c19b000 r-xp 00000000 08:01 660916                     /lib/x86_64-linux-gnu/libnss_files-2.23.so
7f6a5c19b000-7f6a5c39a000 ---p 0000b000 08:01 660916                     /lib/x86_64-linux-gnu/libnss_files-2.23.so
7f6a5c39a000-7f6a5c39b000 r--p 0000a000 08:01 660916                     /lib/x86_64-linux-gnu/libnss_files-2.23.so
7f6a5c39b000-7f6a5c39c000 rw-p 0000b000 08:01 660916                     /lib/x86_64-linux-gnu/libnss_files-2.23.so
7f6a5c39c000-7f6a5c3a2000 rw-p 00000000 00:00 0 
7f6a5c3a2000-7f6a5c3ad000 r-xp 00000000 08:01 660926                     /lib/x86_64-linux-gnu/libnss_nis-2.23.so
7f6a5c3ad000-7f6a5c5ac000 ---p 0000b000 08:01 660926                     /lib/x86_64-linux-gnu/libnss_nis-2.23.so
7f6a5c5ac000-7f6a5c5ad000 r--p 0000a000 08:01 660926                     /lib/x86_64-linux-gnu/libnss_nis-2.23.so
7f6a5c5ad000-7f6a5c5ae000 rw-p 0000b000 08:01 660926                     /lib/x86_64-linux-gnu/libnss_nis-2.23.so
7f6a5c5ae000-7f6a5c5c4000 r-xp 00000000 08:01 660910                     /lib/x86_64-linux-gnu/libnsl-2.23.so
7f6a5c5c4000-7f6a5c7c3000 ---p 00016000 08:01 660910                     /lib/x86_64-linux-gnu/libnsl-2.23.so
7f6a5c7c3000-7f6a5c7c4000 r--p 00015000 08:01 660910                     /lib/x86_64-linux-gnu/libnsl-2.23.so
7f6a5c7c4000-7f6a5c7c5000 rw-p 00016000 08:01 660910                     /lib/x86_64-linux-gnu/libnsl-2.23.so
7f6a5c7c5000-7f6a5c7c7000 rw-p 00000000 00:00 0 
7f6a5c7c7000-7f6a5c7cf000 r-xp 00000000 08:01 660912                     /lib/x86_64-linux-gnu/libnss_compat-2.23.so
7f6a5c7cf000-7f6a5c9ce000 ---p 00008000 08:01 660912                     /lib/x86_64-linux-gnu/libnss_compat-2.23.so
7f6a5c9ce000-7f6a5c9cf000 r--p 00007000 08:01 660912                     /lib/x86_64-linux-gnu/libnss_compat-2.23.so
7f6a5c9cf000-7f6a5c9d0000 rw-p 00008000 08:01 660912                     /lib/x86_64-linux-gnu/libnss_compat-2.23.so
7f6a5c9d0000-7f6a5c9fd000 r-xp 00000000 08:01 1061707                    /usr/lib/jvm/java-8-openjdk-amd64/jre/lib/amd64/libjava.so
7f6a5c9fd000-7f6a5cbfc000 ---p 0002d000 08:01 1061707                    /usr/lib/jvm/java-8-openjdk-amd64/jre/lib/amd64/libjava.so
7f6a5cbfc000-7f6a5cbfd000 r--p 0002c000 08:01 1061707                    /usr/lib/jvm/java-8-openjdk-amd64/jre/lib/amd64/libjava.so
7f6a5cbfd000-7f6a5cbff000 rw-p 0002d000 08:01 1061707                    /usr/lib/jvm/java-8-openjdk-amd64/jre/lib/amd64/libjava.so
7f6a5cbff000-7f6a5cc0e000 r-xp 00000000 08:01 1061673                    /usr/lib/jvm/java-8-openjdk-amd64/jre/lib/amd64/libverify.so
7f6a5cc0e000-7f6a5ce0d000 ---p 0000f000 08:01 1061673                    /usr/lib/jvm/java-8-openjdk-amd64/jre/lib/amd64/libverify.so
7f6a5ce0d000-7f6a5ce0f000 r--p 0000e000 08:01 1061673                    /usr/lib/jvm/java-8-openjdk-amd64/jre/lib/amd64/libverify.so
7f6a5ce0f000-7f6a5ce10000 rw-p 00010000 08:01 1061673                    /usr/lib/jvm/java-8-openjdk-amd64/jre/lib/amd64/libverify.so
7f6a5ce10000-7f6a5ce17000 r-xp 00000000 08:01 660971                     /lib/x86_64-linux-gnu/librt-2.23.so
7f6a5ce17000-7f6a5d016000 ---p 00007000 08:01 660971                     /lib/x86_64-linux-gnu/librt-2.23.so
7f6a5d016000-7f6a5d017000 r--p 00006000 08:01 660971                     /lib/x86_64-linux-gnu/librt-2.23.so
7f6a5d017000-7f6a5d018000 rw-p 00007000 08:01 660971                     /lib/x86_64-linux-gnu/librt-2.23.so
7f6a5d018000-7f6a5d02e000 r-xp 00000000 08:01 660855                     /lib/x86_64-linux-gnu/libgcc_s.so.1
7f6a5d02e000-7f6a5d22d000 ---p 00016000 08:01 660855                     /lib/x86_64-linux-gnu/libgcc_s.so.1
7f6a5d22d000-7f6a5d22e000 rw-p 00015000 08:01 660855                     /lib/x86_64-linux-gnu/libgcc_s.so.1
7f6a5d22e000-7f6a5d336000 r-xp 00000000 08:01 660887                     /lib/x86_64-linux-gnu/libm-2.23.so
7f6a5d336000-7f6a5d535000 ---p 00108000 08:01 660887                     /lib/x86_64-linux-gnu/libm-2.23.so
7f6a5d535000-7f6a5d536000 r--p 00107000 08:01 660887                     /lib/x86_64-linux-gnu/libm-2.23.so
7f6a5d536000-7f6a5d537000 rw-p 00108000 08:01 660887                     /lib/x86_64-linux-gnu/libm-2.23.so
7f6a5d537000-7f6a5d6a9000 r-xp 00000000 08:01 919795                     /usr/lib/x86_64-linux-gnu/libstdc++.so.6.0.21
7f6a5d6a9000-7f6a5d8a9000 ---p 00172000 08:01 919795                     /usr/lib/x86_64-linux-gnu/libstdc++.so.6.0.21
7f6a5d8a9000-7f6a5d8b3000 r--p 00172000 08:01 919795                     /usr/lib/x86_64-linux-gnu/libstdc++.so.6.0.21
7f6a5d8b3000-7f6a5d8b5000 rw-p 0017c000 08:01 919795                     /usr/lib/x86_64-linux-gnu/libstdc++.so.6.0.21
7f6a5d8b5000-7f6a5d8b9000 rw-p 00000000 00:00 0 
7f6a5d8b9000-7f6a5e509000 r-xp 00000000 08:01 1061702                    /usr/lib/jvm/java-8-openjdk-amd64/jre/lib/amd64/server/libjvm.so
7f6a5e509000-7f6a5e708000 ---p 00c50000 08:01 1061702                    /usr/lib/jvm/java-8-openjdk-amd64/jre/lib/amd64/server/libjvm.so
7f6a5e708000-7f6a5e79b000 r--p 00c4f000 08:01 1061702                    /usr/lib/jvm/java-8-openjdk-amd64/jre/lib/amd64/server/libjvm.so
7f6a5e79b000-7f6a5e7c4000 rw-p 00ce2000 08:01 1061702                    /usr/lib/jvm/java-8-openjdk-amd64/jre/lib/amd64/server/libjvm.so
7f6a5e7c4000-7f6a5e7f4000 rw-p 00000000 00:00 0 
7f6a5e7f4000-7f6a5e80c000 r-xp 00000000 08:01 660963                     /lib/x86_64-linux-gnu/libpthread-2.23.so
7f6a5e80c000-7f6a5ea0b000 ---p 00018000 08:01 660963                     /lib/x86_64-linux-gnu/libpthread-2.23.so
7f6a5ea0b000-7f6a5ea0c000 r--p 00017000 08:01 660963                     /lib/x86_64-linux-gnu/libpthread-2.23.so
7f6a5ea0c000-7f6a5ea0d000 rw-p 00018000 08:01 660963                     /lib/x86_64-linux-gnu/libpthread-2.23.so
7f6a5ea0d000-7f6a5ea11000 rw-p 00000000 00:00 0 
7f6a5ea11000-7f6a5ea14000 r-xp 00000000 08:01 660841                     /lib/x86_64-linux-gnu/libdl-2.23.so
7f6a5ea14000-7f6a5ec13000 ---p 00003000 08:01 660841                     /lib/x86_64-linux-gnu/libdl-2.23.so
7f6a5ec13000-7f6a5ec14000 r--p 00002000 08:01 660841                     /lib/x86_64-linux-gnu/libdl-2.23.so
7f6a5ec14000-7f6a5ec15000 rw-p 00003000 08:01 660841                     /lib/x86_64-linux-gnu/libdl-2.23.so
7f6a5ec15000-7f6a5ec2e000 r-xp 00000000 08:01 661008                     /lib/x86_64-linux-gnu/libz.so.1.2.8
7f6a5ec2e000-7f6a5ee2d000 ---p 00019000 08:01 661008                     /lib/x86_64-linux-gnu/libz.so.1.2.8
7f6a5ee2d000-7f6a5ee2e000 r--p 00018000 08:01 661008                     /lib/x86_64-linux-gnu/libz.so.1.2.8
7f6a5ee2e000-7f6a5ee2f000 rw-p 00019000 08:01 661008                     /lib/x86_64-linux-gnu/libz.so.1.2.8
7f6a5ee2f000-7f6a5efef000 r-xp 00000000 08:01 660817                     /lib/x86_64-linux-gnu/libc-2.23.so
7f6a5efef000-7f6a5f1ee000 ---p 001c0000 08:01 660817                     /lib/x86_64-linux-gnu/libc-2.23.so
7f6a5f1ee000-7f6a5f1f2000 r--p 001bf000 08:01 660817                     /lib/x86_64-linux-gnu/libc-2.23.so
7f6a5f1f2000-7f6a5f1f4000 rw-p 001c3000 08:01 660817                     /lib/x86_64-linux-gnu/libc-2.23.so
7f6a5f1f4000-7f6a5f1f8000 rw-p 00000000 00:00 0 
7f6a5f1f8000-7f6a5f205000 r-xp 00000000 08:01 1061696                    /usr/lib/jvm/java-8-openjdk-amd64/jre/lib/amd64/jli/libjli.so
7f6a5f205000-7f6a5f405000 ---p 0000d000 08:01 1061696                    /usr/lib/jvm/java-8-openjdk-amd64/jre/lib/amd64/jli/libjli.so
7f6a5f405000-7f6a5f406000 r--p 0000d000 08:01 1061696                    /usr/lib/jvm/java-8-openjdk-amd64/jre/lib/amd64/jli/libjli.so
7f6a5f406000-7f6a5f407000 rw-p 0000e000 08:01 1061696                    /usr/lib/jvm/java-8-openjdk-amd64/jre/lib/amd64/jli/libjli.so
7f6a5f407000-7f6a5f42d000 r-xp 00000000 08:01 660789                     /lib/x86_64-linux-gnu/ld-2.23.so
7f6a5f42d000-7f6a5f42e000 r--s 00000000 08:01 679751                     /home/docker/.m2/repository/org/springframework/cloud/spring-cloud-starter-consul-config/1.0.2.RELEASE/spring-cloud-starter-consul-config-1.0.2.RELEASE.jar
7f6a5f42e000-7f6a5f430000 r--s 00000000 08:01 952153                     /home/docker/.m2/repository/org/slf4j/jul-to-slf4j/1.7.24/jul-to-slf4j-1.7.24.jar
7f6a5f430000-7f6a5f431000 r--s 00000000 08:01 1069202                    /home/docker/.m2/repository/org/springframework/boot/spring-boot-starter-logging/1.5.2.RELEASE/spring-boot-starter-logging-1.5.2.RELEASE.jar
7f6a5f431000-7f6a5f432000 r--s 00000000 08:01 678930                     /home/docker/.m2/repository/org/springframework/boot/spring-boot-starter/1.5.2.RELEASE/spring-boot-starter-1.5.2.RELEASE.jar
7f6a5f432000-7f6a5f43c000 r--s 00116000 08:01 1061727                    /usr/lib/jvm/java-8-openjdk-amd64/jre/lib/ext/localedata.jar
7f6a5f43c000-7f6a5f43e000 r--s 00001000 08:01 1061722                    /usr/lib/jvm/java-8-openjdk-amd64/jre/lib/ext/dnsns.jar
7f6a5f43e000-7f6a5f443000 r--s 0003b000 08:01 1061728                    /usr/lib/jvm/java-8-openjdk-amd64/jre/lib/ext/sunjce_provider.jar
7f6a5f443000-7f6a5f50e000 rw-p 00000000 00:00 0 
7f6a5f50e000-7f6a5f511000 ---p 00000000 00:00 0 
7f6a5f511000-7f6a5f614000 rw-p 00000000 00:00 0 
7f6a5f614000-7f6a5f615000 r--s 00000000 08:01 4231                       /home/docker/.m2/repository/org/springframework/boot/spring-boot-starter-actuator/1.5.2.RELEASE/spring-boot-starter-actuator-1.5.2.RELEASE.jar
7f6a5f615000-7f6a5f617000 r--s 00008000 08:01 1061720                    /usr/lib/jvm/java-8-openjdk-amd64/jre/lib/ext/sunec.jar
7f6a5f617000-7f6a5f61a000 r--s 0000f000 08:01 1061723                    /usr/lib/jvm/java-8-openjdk-amd64/jre/lib/ext/icedtea-sound.jar
7f6a5f61a000-7f6a5f61e000 r--s 00037000 08:01 1061726                    /usr/lib/jvm/java-8-openjdk-amd64/jre/lib/ext/sunpkcs11.jar
7f6a5f61e000-7f6a5f61f000 r--s 0000a000 08:01 1061729                    /usr/lib/jvm/java-8-openjdk-amd64/jre/lib/ext/jaccess.jar
7f6a5f61f000-7f6a5f620000 r--s 00010000 08:01 1061725                    /usr/lib/jvm/java-8-openjdk-amd64/jre/lib/ext/zipfs.jar
7f6a5f620000-7f6a5f628000 rw-s 00000000 08:01 447036                     /tmp/hsperfdata_docker/19297
7f6a5f628000-7f6a5f629000 rw-p 00000000 00:00 0 
7f6a5f629000-7f6a5f62a000 ---p 00000000 00:00 0 
7f6a5f62a000-7f6a5f62c000 rw-p 00000000 00:00 0 
7f6a5f62c000-7f6a5f62d000 r--p 00025000 08:01 660789                     /lib/x86_64-linux-gnu/ld-2.23.so
7f6a5f62d000-7f6a5f62e000 rw-p 00026000 08:01 660789                     /lib/x86_64-linux-gnu/ld-2.23.so
7f6a5f62e000-7f6a5f62f000 rw-p 00000000 00:00 0 
7ffda81b0000-7ffda81d4000 rw-p 00000000 00:00 0                          [stack]
7ffda81e3000-7ffda81e5000 r--p 00000000 00:00 0                          [vvar]
7ffda81e5000-7ffda81e7000 r-xp 00000000 00:00 0                          [vdso]
ffffffffff600000-ffffffffff601000 r-xp 00000000 00:00 0                  [vsyscall]

VM Arguments:
jvm_args: -Dcom.sun.management.jmxremote -Dcom.sun.management.jmxremote.port=42679 -Dcom.sun.management.jmxremote.authenticate=false -Dcom.sun.management.jmxremote.ssl=false -Dspring.liveBeansView.mbeanDomain -Dspring.application.admin.enabled=true -Djava.security.egd=file:/dev/./urandom -Dfile.encoding=UTF-8 
java_command: com.verizontelematics.SpringCloudSampleApplication --spring.output.ansi.enabled=always
java_class_path (initial): /home/docker/workspace/spring-cloud-sample/target/classes:/home/docker/.m2/repository/org/springframework/boot/spring-boot-starter-actuator/1.5.2.RELEASE/spring-boot-starter-actuator-1.5.2.RELEASE.jar:/home/docker/.m2/repository/org/springframework/boot/spring-boot-starter/1.5.2.RELEASE/spring-boot-starter-1.5.2.RELEASE.jar:/home/docker/.m2/repository/org/springframework/boot/spring-boot-starter-logging/1.5.2.RELEASE/spring-boot-starter-logging-1.5.2.RELEASE.jar:/home/docker/.m2/repository/ch/qos/logback/logback-classic/1.1.11/logback-classic-1.1.11.jar:/home/docker/.m2/repository/ch/qos/logback/logback-core/1.1.11/logback-core-1.1.11.jar:/home/docker/.m2/repository/org/slf4j/jul-to-slf4j/1.7.24/jul-to-slf4j-1.7.24.jar:/home/docker/.m2/repository/org/slf4j/log4j-over-slf4j/1.7.24/log4j-over-slf4j-1.7.24.jar:/home/docker/.m2/repository/org/yaml/snakeyaml/1.17/snakeyaml-1.17.jar:/home/docker/.m2/repository/org/springframework/boot/spring-boot-actuator/1.5.2.RELEASE/spring-boot-actuator-1.5.2.RELEASE.jar:/home/docker/.m2/repository/org/springframework/cloud/spring-cloud-starter-consul-config/1.0.2.RELEASE/spring-cloud-starter-consul-config-1.0.2.RELEASE.jar:/home/docker/.m2/repository/org/springframework/cloud/spring-cloud-starter-consul/1.0.2.RELEASE/spring-cloud-starter-consul-1.0.2.RELEASE.jar:/home/docker/.m2/repository/org/springframework/cloud/spring-cloud-commons/1.1.3.RELEASE/spring-cloud-commons-1.1.3.RELEASE.jar:/home/docker/.m2/repository/org/springframework/cloud/spring-cloud-consul-core/1.0.2.RELEASE/spring-cloud-consul-core-1.0.2.RELEASE.jar:/home/docker/.m2/repository/com/ecwid/consul/consul-api/1.1.10/consul-api-1.1.10.jar:/home/docker/.m2/repository/com/google/code/gson/gson/2.8.0/gson-2.8.0.jar:/home/docker/.m2/repository/org/apache/httpcomponents/httpclient/4.5.3/httpclient-4.5.3.jar:/home/docker/.m2/repository/commons-codec/commons-codec/1.10/commons-codec-1.10.jar:/home/docker/.m2/repository/org/apache/httpcomponents/ht
Launcher Type: SUN_STANDARD

Environment Variables:
PATH=/usr/local/sbin:/usr/local/bin:/usr/sbin:/usr/bin:/sbin:/bin:/usr/games:/usr/local/games:/snap/bin
SHELL=/bin/bash
DISPLAY=:0

Signal Handlers:
SIGSEGV: [libjvm.so+0xa66fd0], sa_mask[0]=11111111011111111101111111111110, sa_flags=SA_RESTART|SA_SIGINFO
SIGBUS: [libjvm.so+0xa66fd0], sa_mask[0]=11111111011111111101111111111110, sa_flags=SA_RESTART|SA_SIGINFO
SIGFPE: [libjvm.so+0x8b0180], sa_mask[0]=11111111011111111101111111111110, sa_flags=SA_RESTART|SA_SIGINFO
SIGPIPE: [libjvm.so+0x8b0180], sa_mask[0]=11111111011111111101111111111110, sa_flags=SA_RESTART|SA_SIGINFO
SIGXFSZ: [libjvm.so+0x8b0180], sa_mask[0]=11111111011111111101111111111110, sa_flags=SA_RESTART|SA_SIGINFO
SIGILL: [libjvm.so+0x8b0180], sa_mask[0]=11111111011111111101111111111110, sa_flags=SA_RESTART|SA_SIGINFO
SIGUSR1: SIG_DFL, sa_mask[0]=00000000000000000000000000000000, sa_flags=none
SIGUSR2: [libjvm.so+0x8b0030], sa_mask[0]=00100000000000000000000000000000, sa_flags=SA_RESTART|SA_SIGINFO
SIGHUP: [libjvm.so+0x8b0500], sa_mask[0]=11111111011111111101111111111110, sa_flags=SA_RESTART|SA_SIGINFO
SIGINT: [libjvm.so+0x8b0500], sa_mask[0]=11111111011111111101111111111110, sa_flags=SA_RESTART|SA_SIGINFO
SIGTERM: [libjvm.so+0x8b0500], sa_mask[0]=11111111011111111101111111111110, sa_flags=SA_RESTART|SA_SIGINFO
SIGQUIT: [libjvm.so+0x8b0500], sa_mask[0]=11111111011111111101111111111110, sa_flags=SA_RESTART|SA_SIGINFO


---------------  S Y S T E M  ---------------

OS:DISTRIB_ID=Ubuntu
DISTRIB_RELEASE=16.04
DISTRIB_CODENAME=xenial
DISTRIB_DESCRIPTION="Ubuntu 16.04 LTS"

uname:Linux 4.4.0-66-generic #87-Ubuntu SMP Fri Mar 3 15:29:05 UTC 2017 x86_64
libc:glibc 2.23 NPTL 2.23 
rlimit: STACK 8192k, CORE 0k, NPROC 31712, NOFILE 65536, AS infinity
load average:1.02 0.69 0.55

/proc/meminfo:
MemTotal:        8157516 kB
MemFree:          115432 kB
MemAvailable:          0 kB
Buffers:             240 kB
Cached:            70232 kB
SwapCached:        14332 kB
Active:          2718916 kB
Inactive:         761632 kB
Active(anon):    2718768 kB
Inactive(anon):   761436 kB
Active(file):        148 kB
Inactive(file):      196 kB
Unevictable:     2248768 kB
Mlocked:         2248768 kB
SwapTotal:       1046524 kB
SwapFree:              0 kB
Dirty:               216 kB
Writeback:             0 kB
AnonPages:       5644636 kB
Mapped:            33808 kB
Shmem:             37324 kB
Slab:             102444 kB
SReclaimable:      36376 kB
SUnreclaim:        66068 kB
KernelStack:       15648 kB
PageTables:        53848 kB
NFS_Unstable:          0 kB
Bounce:                0 kB
WritebackTmp:          0 kB
CommitLimit:     5125280 kB
Committed_AS:   11076660 kB
VmallocTotal:   34359738367 kB
VmallocUsed:           0 kB
VmallocChunk:          0 kB
HardwareCorrupted:     0 kB
AnonHugePages:   3948544 kB
CmaTotal:              0 kB
CmaFree:               0 kB
HugePages_Total:       0
HugePages_Free:        0
HugePages_Rsvd:        0
HugePages_Surp:        0
Hugepagesize:       2048 kB
DirectMap4k:      319296 kB
DirectMap2M:     8069120 kB
DirectMap1G:     2097152 kB


CPU:total 2 (1 cores per cpu, 1 threads per core) family 6 model 70 stepping 1, cmov, cx8, fxsr, mmx, sse, sse2, sse3, ssse3, sse4.1, sse4.2, popcnt, avx, avx2, aes, clmul, erms, lzcnt, tsc, tscinvbit, bmi1, bmi2

/proc/cpuinfo:
processor	: 0
vendor_id	: GenuineIntel
cpu family	: 6
model		: 70
model name	: Intel(R) Core(TM) i7-4960HQ CPU @ 2.60GHz
stepping	: 1
microcode	: 0xf
cpu MHz		: 2594.178
cache size	: 6144 KB
physical id	: 0
siblings	: 1
core id		: 0
cpu cores	: 1
apicid		: 0
initial apicid	: 0
fpu		: yes
fpu_exception	: yes
cpuid level	: 13
wp		: yes
flags		: fpu vme de pse tsc msr pae mce cx8 apic sep mtrr pge mca cmov pat pse36 clflush dts mmx fxsr sse sse2 ss syscall nx pdpe1gb rdtscp lm constant_tsc arch_perfmon pebs bts nopl xtopology tsc_reliable nonstop_tsc aperfmperf eagerfpu pni pclmulqdq ssse3 fma cx16 pcid sse4_1 sse4_2 x2apic movbe popcnt tsc_deadline_timer aes xsave avx f16c rdrand hypervisor lahf_lm abm epb fsgsbase tsc_adjust bmi1 avx2 smep bmi2 invpcid xsaveopt dtherm ida arat pln pts
bugs		:
bogomips	: 5188.35
clflush size	: 64
cache_alignment	: 64
address sizes	: 42 bits physical, 48 bits virtual
power management:

processor	: 1
vendor_id	: GenuineIntel
cpu family	: 6
model		: 70
model name	: Intel(R) Core(TM) i7-4960HQ CPU @ 2.60GHz
stepping	: 1
microcode	: 0xf
cpu MHz		: 2594.178
cache size	: 6144 KB
physical id	: 2
siblings	: 1
core id		: 0
cpu cores	: 1
apicid		: 2
initial apicid	: 2
fpu		: yes
fpu_exception	: yes
cpuid level	: 13
wp		: yes
flags		: fpu vme de pse tsc msr pae mce cx8 apic sep mtrr pge mca cmov pat pse36 clflush dts mmx fxsr sse sse2 ss syscall nx pdpe1gb rdtscp lm constant_tsc arch_perfmon pebs bts nopl xtopology tsc_reliable nonstop_tsc aperfmperf eagerfpu pni pclmulqdq ssse3 fma cx16 pcid sse4_1 sse4_2 x2apic movbe popcnt tsc_deadline_timer aes xsave avx f16c rdrand hypervisor lahf_lm abm epb fsgsbase tsc_adjust bmi1 avx2 smep bmi2 invpcid xsaveopt dtherm ida arat pln pts
bugs		:
bogomips	: 5188.35
clflush size	: 64
cache_alignment	: 64
address sizes	: 42 bits physical, 48 bits virtual
power management:



Memory: 4k page, physical 8157516k(115432k free), swap 1046524k(0k free)

vm_info: OpenJDK 64-Bit Server VM (25.121-b13) for linux-amd64 JRE (1.8.0_121-8u121-b13-0ubuntu1.16.04.2-b13), built on Jan 23 2017 15:51:29 by "buildd" with gcc 5.4.0 20160609

time: Tue Mar 14 05:45:30 2017
elapsed time: 11 seconds (0d 0h 0m 11s)

